<?xml version="1.0" encoding="UTF-8"?>
<!-- Generated by org.testng.reporters.JUnitReportReporter -->
<testsuite hostname="vimala-lap" failures="0" tests="1" name="com.CF.tests.LoginTest" time="5.445" errors="0" timestamp="2025-05-16T16:24:01 IST" skipped="0">
  <testcase classname="com.CF.tests.LoginTest" name="testLogin" time="5.445"/>
</testsuite> <!-- com.CF.tests.LoginTest -->
