<?xml version="1.0" encoding="UTF-8"?>
<!-- Generated by org.testng.reporters.JUnitReportReporter -->
<testsuite hostname="vimala-lap" failures="0" tests="1" name="com.sf.tests.AccountsTest" time="33.335" errors="0" timestamp="2025-05-18T09:15:07 IST" skipped="0">
  <testcase classname="com.sf.tests.AccountsTest" name="verifyAccountCreation" time="33.335"/>
</testsuite> <!-- com.sf.tests.AccountsTest -->
