<?xml version="1.0" encoding="UTF-8"?>
<!-- Generated by org.testng.reporters.JUnitReportReporter -->
<testsuite hostname="vimala-lap" failures="0" tests="1" name="com.sf.tests.LoginTest" time="14.023" errors="0" timestamp="2025-05-18T09:16:15 IST" skipped="0">
  <testcase classname="com.sf.tests.LoginTest" name="testLogin" time="14.023"/>
</testsuite> <!-- com.sf.tests.LoginTest -->
