<?xml version="1.0" encoding="UTF-8"?>
<!-- Generated by org.testng.reporters.JUnitReportReporter -->
<testsuite hostname="vimala-lap" failures="0" tests="1" name="com.CF.tests.LoginTest" time="12.353" errors="0" timestamp="2025-05-14T16:57:03 IST" skipped="0">
  <testcase classname="com.CF.tests.LoginTest" name="verifyAccountNavigation" time="12.353"/>
</testsuite> <!-- com.CF.tests.LoginTest -->
