<?xml version="1.0" encoding="UTF-8"?>
<!-- Generated by org.testng.reporters.JUnitReportReporter -->
<testsuite hostname="vimala-lap" failures="0" tests="1" name="com.CF.tests.AccountsTest" time="24.127" errors="0" timestamp="2025-05-16T20:38:50 IST" skipped="0">
  <testcase classname="com.CF.tests.AccountsTest" name="verifyAccountCreation" time="24.127"/>
</testsuite> <!-- com.CF.tests.AccountsTest -->
